<?xml version="1.0" encoding="UTF-8"?>
<testng-results skipped="0" failed="0" ignored="1" total="2" passed="1">
  <reporter-output>
  </reporter-output>
  <suite name="Default suite" duration-ms="8404" started-at="2021-11-08T14:22:51 EST" finished-at="2021-11-08T14:22:59 EST">
    <groups>
    </groups>
    <test name="Default test" duration-ms="8404" started-at="2021-11-08T14:22:51 EST" finished-at="2021-11-08T14:22:59 EST">
      <class name="restassure.New_Rest_Demo">
        <test-method status="PASS" signature="testDemo()[pri:0, instance:restassure.New_Rest_Demo@302552ec]" name="testDemo" duration-ms="8291" started-at="2021-11-08T14:22:51 EST" finished-at="2021-11-08T14:22:59 EST">
          <reporter-output>
          </reporter-output>
        </test-method> <!-- testDemo -->
      </class> <!-- restassure.New_Rest_Demo -->
    </test> <!-- Default test -->
  </suite> <!-- Default suite -->
</testng-results>
